<?xml version="1.0" encoding="UTF-8"?>
<testsuite name="selenideRepSearch" tests="1" skipped="0" failures="0" errors="0" timestamp="2024-02-15T19:46:42" hostname="DESKTOP-RRVJCUV" time="13.326">
  <properties/>
  <testcase name="shouldFindSelenideRepositoryAtTheTop()" classname="selenideRepSearch" time="13.326"/>
  <system-out><![CDATA[]]></system-out>
  <system-err><![CDATA[[Test worker] INFO com.codeborne.selenide.impl.WebDriverThreadLocalContainer - No webdriver is bound to current thread: 1 - let's create a new webdriver
[Test worker] INFO com.codeborne.selenide.impl.FileHelper - Creating folder: C:\Users\RenatAbdullin\IdeaProjects\lessonsQa\build\downloads\1708026402352_16140_1
[Test worker] INFO com.codeborne.selenide.webdriver.WebDriverFactory - BrowserName=chrome Version=121.0.6167.161 Platform=windows
[Test worker] INFO com.codeborne.selenide.webdriver.WebDriverFactory - Selenide v. 7.0.6
[Test worker] INFO com.codeborne.selenide.webdriver.WebDriverFactory - Selenium WebDriver v. 4.17.0 build revision: e52b1be057*
[Test worker] INFO com.codeborne.selenide.drivercommands.CreateDriverCommand - Created webdriver in thread 1: ChromeDriver -> ChromeDriver: chrome on windows (5353155bdc8478460bfb0df4c16104db), downloadsFolder: C:\Users\RenatAbdullin\IdeaProjects\lessonsQa\build\downloads\1708026402352_16140_1
[Test worker] INFO com.codeborne.selenide.drivercommands.DisposablesRegistry - Register WebDriverInstance[config=StaticConfig, webDriver=ChromeDriver: chrome on windows (5353155bdc8478460bfb0df4c16104db), proxy=null, downloadsFolder=C:\Users\RenatAbdullin\IdeaProjects\lessonsQa\build\downloads\1708026402352_16140_1] in 1 [size=1]
[Test worker] INFO com.codeborne.selenide.drivercommands.DisposablesRegistry - Add shutdown hook in 1 [size=1]
]]></system-err>
</testsuite>
