<?xml version="1.0" encoding="UTF-8"?>
<testsuite name="GithubJunitcodeSearch" tests="1" skipped="0" failures="0" errors="0" timestamp="2024-02-17T15:18:54" hostname="DESKTOP-RRVJCUV" time="8.852">
  <properties/>
  <testcase name="shouldFindJunit5code()" classname="GithubJunitcodeSearch" time="8.852"/>
  <system-out><![CDATA[]]></system-out>
  <system-err><![CDATA[[Test worker] INFO com.codeborne.selenide.impl.WebDriverThreadLocalContainer - No webdriver is bound to current thread: 1 - let's create a new webdriver
[Test worker] INFO com.codeborne.selenide.impl.FileHelper - Creating folder: C:\Users\RenatAbdullin\IdeaProjects\lessonsQa\build\downloads\1708183134214_21908_1
[Test worker] INFO com.codeborne.selenide.webdriver.WebDriverFactory - BrowserName=chrome Version=121.0.6167.185 Platform=windows
[Test worker] INFO com.codeborne.selenide.webdriver.WebDriverFactory - Selenide v. 7.0.6
[Test worker] INFO com.codeborne.selenide.webdriver.WebDriverFactory - Selenium WebDriver v. 4.17.0 build revision: e52b1be057*
[Test worker] INFO com.codeborne.selenide.drivercommands.CreateDriverCommand - Created webdriver in thread 1: ChromeDriver -> ChromeDriver: chrome on windows (6429faa4e365ac93c69bbd085242e71f), downloadsFolder: C:\Users\RenatAbdullin\IdeaProjects\lessonsQa\build\downloads\1708183134214_21908_1
[Test worker] INFO com.codeborne.selenide.drivercommands.DisposablesRegistry - Register WebDriverInstance[config=StaticConfig, webDriver=ChromeDriver: chrome on windows (6429faa4e365ac93c69bbd085242e71f), proxy=null, downloadsFolder=C:\Users\RenatAbdullin\IdeaProjects\lessonsQa\build\downloads\1708183134214_21908_1] in 1 [size=1]
[Test worker] INFO com.codeborne.selenide.drivercommands.DisposablesRegistry - Add shutdown hook in 1 [size=1]
]]></system-err>
</testsuite>
